<?xml version="1.0" encoding="UTF-8"?>
<testng-results skipped="0" failed="0" ignored="1" total="2" passed="1">
  <reporter-output>
  </reporter-output>
  <suite name="Suite" duration-ms="388" started-at="2022-04-17T06:25:35Z" finished-at="2022-04-17T06:25:35Z">
    <groups>
      <group name="read">
        <method signature="TEST.readFileTest()[pri:0, instance:com.cognizant.test.TEST@55cb6996]" name="readFileTest" class="com.cognizant.test.TEST"/>
      </group> <!-- read -->
    </groups>
    <test name="Test" duration-ms="388" started-at="2022-04-17T06:25:35Z" finished-at="2022-04-17T06:25:35Z">
      <class name="com.cognizant.test.TEST">
        <test-method status="PASS" signature="readFileTest()[pri:0, instance:com.cognizant.test.TEST@55cb6996]" name="readFileTest" duration-ms="181" started-at="2022-04-17T06:25:35Z" finished-at="2022-04-17T06:25:35Z">
          <reporter-output>
          </reporter-output>
        </test-method> <!-- readFileTest -->
      </class> <!-- com.cognizant.test.TEST -->
    </test> <!-- Test -->
  </suite> <!-- Suite -->
</testng-results>
